<?xml version="1.0" encoding="UTF-8"?>
<testng-results skipped="0" failed="1" ignored="20" total="22" passed="1">
  <reporter-output>
    <line>
      <![CDATA[Capcher screenshot path is <img src="file:///home/priyankag/eclipse-workspace/ProjectDkosh/test-output/screenshot/TC_dK_0062020_03_14__12_11_42.png" alt=""/>]]>
    </line>
  </reporter-output>
  <suite name="TS_dKOSH_001" duration-ms="31578" started-at="2020-03-14T06:41:11Z" finished-at="2020-03-14T06:41:42Z">
    <groups>
    </groups>
    <test name="TS_dKOSH_014_DS_001" duration-ms="31578" started-at="2020-03-14T06:41:11Z" finished-at="2020-03-14T06:41:42Z">
      <class name="dkosh.tc.TCForm">
        <test-method status="PASS" signature="setUp()[pri:0, instance:dkosh.tc.TCForm@60285225]" name="setUp" is-config="true" duration-ms="2519" started-at="2020-03-14T06:41:11Z" finished-at="2020-03-14T06:41:13Z">
          <reporter-output>
          </reporter-output>
        </test-method> <!-- setUp -->
        <test-method status="PASS" signature="TC_Login(java.lang.String, java.lang.String, java.lang.String)[pri:0, instance:dkosh.tc.TCForm@60285225]" name="TC_Login" duration-ms="10945" started-at="2020-03-14T06:41:16Z" data-provider="loginDetails" finished-at="2020-03-14T06:41:27Z">
          <params>
            <param index="0">
              <value>
                <![CDATA[jaikishanm
]]>
              </value>
            </param>
            <param index="1">
              <value>
                <![CDATA[Admin@123]]>
              </value>
            </param>
            <param index="2">
              <value>
                <![CDATA[Dayal Group (dayal101)]]>
              </value>
            </param>
          </params>
          <reporter-output>
          </reporter-output>
        </test-method> <!-- TC_Login -->
        <test-method status="FAIL" signature="TC_dK_006(java.lang.String)[pri:0, instance:dkosh.tc.TCForm@60285225]" name="TC_dK_006" duration-ms="15174" started-at="2020-03-14T06:41:27Z" finished-at="2020-03-14T06:41:42Z">
          <params>
            <param index="0">
              <value>
                <![CDATA[CF_004]]>
              </value>
            </param>
          </params>
          <exception class="java.lang.AssertionError">
            <message>
              <![CDATA[The following asserts failed:
expected [New(Draft)] but found [In Active],
expected [Modify Form - CV Application Form] but found [Modify form - CV Application Form]]]>
            </message>
            <full-stacktrace>
              <![CDATA[java.lang.AssertionError: The following asserts failed:
expected [New(Draft)] but found [In Active],
expected [Modify Form - CV Application Form] but found [Modify form - CV Application Form]
at org.testng.asserts.SoftAssert.assertAll(SoftAssert.java:43)
at dkosh.tc.TCForm.TC_dK_006(TCForm.java:482)
at sun.reflect.NativeMethodAccessorImpl.invoke0(Native Method)
at sun.reflect.NativeMethodAccessorImpl.invoke(NativeMethodAccessorImpl.java:62)
at sun.reflect.DelegatingMethodAccessorImpl.invoke(DelegatingMethodAccessorImpl.java:43)
at java.lang.reflect.Method.invoke(Method.java:498)
at org.testng.internal.MethodInvocationHelper.invokeMethod(MethodInvocationHelper.java:124)
at org.testng.internal.Invoker.invokeMethod(Invoker.java:580)
at org.testng.internal.Invoker.invokeTestMethod(Invoker.java:716)
at org.testng.internal.Invoker.invokeTestMethods(Invoker.java:988)
at org.testng.internal.TestMethodWorker.invokeTestMethods(TestMethodWorker.java:125)
at org.testng.internal.TestMethodWorker.run(TestMethodWorker.java:109)
at org.testng.TestRunner.privateRun(TestRunner.java:648)
at org.testng.TestRunner.run(TestRunner.java:505)
at org.testng.SuiteRunner.runTest(SuiteRunner.java:455)
at org.testng.SuiteRunner.access$000(SuiteRunner.java:40)
at org.testng.SuiteRunner$SuiteWorker.run(SuiteRunner.java:489)
at org.testng.internal.thread.ThreadUtil$1.call(ThreadUtil.java:52)
at java.util.concurrent.FutureTask.run(FutureTask.java:266)
at java.util.concurrent.ThreadPoolExecutor.runWorker(ThreadPoolExecutor.java:1149)
at java.util.concurrent.ThreadPoolExecutor$Worker.run(ThreadPoolExecutor.java:624)
at java.lang.Thread.run(Thread.java:748)
]]>
            </full-stacktrace>
          </exception> <!-- java.lang.AssertionError -->
          <reporter-output>
            <line>
              <![CDATA[Capcher screenshot path is <img src="file:///home/priyankag/eclipse-workspace/ProjectDkosh/test-output/screenshot/TC_dK_0062020_03_14__12_11_42.png" alt=""/>]]>
            </line>
          </reporter-output>
        </test-method> <!-- TC_dK_006 -->
      </class> <!-- dkosh.tc.TCForm -->
    </test> <!-- TS_dKOSH_014_DS_001 -->
  </suite> <!-- TS_dKOSH_001 -->
</testng-results>
